110 : 2022-10-12 14:12:15,559 : INFO : telemetry.main : Attempt start. Configuration directory [/home/c20309873/.azure].
110 : 2022-10-12 14:12:15,559 : INFO : telemetry.check : Positive: The /home/c20309873/.azure/telemetry.txt does not exist.
110 : 2022-10-12 14:12:15,560 : DEBUG : telemetry.note : acquiring lock
110 : 2022-10-12 14:12:15,560 : DEBUG : telemetry.note : acquired lock
110 : 2022-10-12 14:12:15,560 : INFO : telemetry.note : Update the note mtime to 2022-10-12 14:12:15.560467
110 : 2022-10-12 14:12:15,560 : WARNING : telemetry.note : Fail to parse or read the timestamp 'N/A' in the note file. Set the last send time to minimal. Reason: not readable
110 : 2022-10-12 14:12:15,561 : INFO : telemetry.records : 1 cache files to move.
110 : 2022-10-12 14:12:15,561 : INFO : telemetry.records : Create temp folder /tmp/tmpzzq4migm
110 : 2022-10-12 14:12:15,562 : INFO : telemetry.records : Move file /home/c20309873/.azure/telemetry/cache to /tmp/tmpzzq4migm/cache
110 : 2022-10-12 14:12:15,564 : INFO : telemetry.records : Processed file /tmp/tmpzzq4migm/cache into 1 records.
110 : 2022-10-12 14:12:15,565 : INFO : telemetry.records : Remove directory /tmp/tmpzzq4migm
110 : 2022-10-12 14:12:15,565 : INFO : telemetry.client : Accumulated 1 events. Flush the clients.
110 : 2022-10-12 14:12:15,565 : INFO : telemetry.client : Flush client c4395b75-49cc-422c-bc95-c7d51aef5d46.
110 : 2022-10-12 14:12:15,664 : INFO : telemetry.sender : Sending 3576 bytes
110 : 2022-10-12 14:12:15,665 : INFO : telemetry.sender : Finish uploading in 0.099046 seconds.
110 : 2022-10-12 14:12:15,665 : INFO : telemetry.note : Update the last send in note to 2022-10-12 14:12:15
110 : 2022-10-12 14:12:15,665 : INFO : telemetry.note : Update the note mtime to 2022-10-12 14:12:15.665669
95 : 2022-10-13 19:27:33,679 : INFO : telemetry.main : Attempt start. Configuration directory [/home/c20309873/.azure].
95 : 2022-10-13 19:27:33,682 : INFO : telemetry.check : Returns Positive.
95 : 2022-10-13 19:27:33,683 : DEBUG : telemetry.note : acquiring lock
95 : 2022-10-13 19:27:33,683 : DEBUG : telemetry.note : acquired lock
95 : 2022-10-13 19:27:33,683 : INFO : telemetry.note : Update the note mtime to 2022-10-13 19:27:33.683315
95 : 2022-10-13 19:27:33,689 : INFO : telemetry.note : Read timestamp from the note. The last send was 2022-10-12 14:12:15.
95 : 2022-10-13 19:27:33,690 : INFO : telemetry.records : 1 cache files to move.
95 : 2022-10-13 19:27:33,690 : INFO : telemetry.records : Create temp folder /tmp/tmplhhp26_y
95 : 2022-10-13 19:27:33,690 : INFO : telemetry.records : Move file /home/c20309873/.azure/telemetry/cache to /tmp/tmplhhp26_y/cache
95 : 2022-10-13 19:27:33,691 : INFO : telemetry.records : Processed file /tmp/tmplhhp26_y/cache into 2 records.
95 : 2022-10-13 19:27:33,691 : INFO : telemetry.records : Remove directory /tmp/tmplhhp26_y
95 : 2022-10-13 19:27:33,693 : INFO : telemetry.client : Accumulated 2 events. Flush the clients.
95 : 2022-10-13 19:27:33,693 : INFO : telemetry.client : Flush client c4395b75-49cc-422c-bc95-c7d51aef5d46.
95 : 2022-10-13 19:27:33,815 : INFO : telemetry.sender : Sending 7130 bytes
95 : 2022-10-13 19:27:33,816 : INFO : telemetry.sender : Finish uploading in 0.122568 seconds.
95 : 2022-10-13 19:27:33,816 : INFO : telemetry.note : Update the last send in note to 2022-10-13 19:27:33
95 : 2022-10-13 19:27:33,816 : INFO : telemetry.note : Update the note mtime to 2022-10-13 19:27:33.816663
97 : 2022-10-13 19:51:29,327 : INFO : telemetry.main : Attempt start. Configuration directory [/home/c20309873/.azure].
97 : 2022-10-13 19:51:29,330 : INFO : telemetry.check : Returns Positive.
97 : 2022-10-13 19:51:29,330 : DEBUG : telemetry.note : acquiring lock
97 : 2022-10-13 19:51:29,331 : DEBUG : telemetry.note : acquired lock
97 : 2022-10-13 19:51:29,331 : INFO : telemetry.note : Update the note mtime to 2022-10-13 19:51:29.331282
97 : 2022-10-13 19:51:29,337 : INFO : telemetry.note : Read timestamp from the note. The last send was 2022-10-13 19:27:33.
97 : 2022-10-13 19:51:29,338 : INFO : telemetry.records : No cache to be uploaded.
97 : 2022-10-13 19:51:29,338 : INFO : telemetry.client : Accumulated 0 events. Flush the clients.
97 : 2022-10-13 19:51:29,338 : INFO : telemetry.note : Update the last send in note to 2022-10-13 19:27:33
97 : 2022-10-13 19:51:29,339 : INFO : telemetry.note : Update the note mtime to 2022-10-13 19:51:29.339037
96 : 2022-10-13 20:16:34,837 : INFO : telemetry.main : Attempt start. Configuration directory [/home/c20309873/.azure].
96 : 2022-10-13 20:16:34,841 : INFO : telemetry.check : Returns Positive.
96 : 2022-10-13 20:16:34,842 : DEBUG : telemetry.note : acquiring lock
96 : 2022-10-13 20:16:34,842 : DEBUG : telemetry.note : acquired lock
96 : 2022-10-13 20:16:34,842 : INFO : telemetry.note : Update the note mtime to 2022-10-13 20:16:34.842319
96 : 2022-10-13 20:16:34,847 : INFO : telemetry.note : Read timestamp from the note. The last send was 2022-10-13 19:27:33.
96 : 2022-10-13 20:16:34,848 : INFO : telemetry.records : No cache to be uploaded.
96 : 2022-10-13 20:16:34,848 : INFO : telemetry.client : Accumulated 0 events. Flush the clients.
96 : 2022-10-13 20:16:34,848 : INFO : telemetry.note : Update the last send in note to 2022-10-13 19:27:33
96 : 2022-10-13 20:16:34,848 : INFO : telemetry.note : Update the note mtime to 2022-10-13 20:16:34.848807
95 : 2022-10-14 09:56:21,626 : INFO : telemetry.main : Attempt start. Configuration directory [/home/c20309873/.azure].
95 : 2022-10-14 09:56:21,630 : INFO : telemetry.check : Returns Positive.
95 : 2022-10-14 09:56:21,630 : DEBUG : telemetry.note : acquiring lock
95 : 2022-10-14 09:56:21,630 : DEBUG : telemetry.note : acquired lock
95 : 2022-10-14 09:56:21,631 : INFO : telemetry.note : Update the note mtime to 2022-10-14 09:56:21.631036
95 : 2022-10-14 09:56:21,636 : INFO : telemetry.note : Read timestamp from the note. The last send was 2022-10-13 19:27:33.
95 : 2022-10-14 09:56:21,636 : INFO : telemetry.records : No cache to be uploaded.
95 : 2022-10-14 09:56:21,636 : INFO : telemetry.client : Accumulated 0 events. Flush the clients.
95 : 2022-10-14 09:56:21,637 : INFO : telemetry.note : Update the last send in note to 2022-10-13 19:27:33
95 : 2022-10-14 09:56:21,637 : INFO : telemetry.note : Update the note mtime to 2022-10-14 09:56:21.637301
95 : 2022-10-14 10:58:56,454 : INFO : telemetry.main : Attempt start. Configuration directory [/home/c20309873/.azure].
95 : 2022-10-14 10:58:56,457 : INFO : telemetry.check : Returns Positive.
95 : 2022-10-14 10:58:56,457 : DEBUG : telemetry.note : acquiring lock
95 : 2022-10-14 10:58:56,457 : DEBUG : telemetry.note : acquired lock
95 : 2022-10-14 10:58:56,458 : INFO : telemetry.note : Update the note mtime to 2022-10-14 10:58:56.458010
95 : 2022-10-14 10:58:56,463 : INFO : telemetry.note : Read timestamp from the note. The last send was 2022-10-13 19:27:33.
95 : 2022-10-14 10:58:56,463 : INFO : telemetry.records : No cache to be uploaded.
95 : 2022-10-14 10:58:56,464 : INFO : telemetry.client : Accumulated 0 events. Flush the clients.
95 : 2022-10-14 10:58:56,464 : INFO : telemetry.note : Update the last send in note to 2022-10-13 19:27:33
95 : 2022-10-14 10:58:56,464 : INFO : telemetry.note : Update the note mtime to 2022-10-14 10:58:56.464427
96 : 2022-10-14 11:28:07,522 : INFO : telemetry.main : Attempt start. Configuration directory [/home/c20309873/.azure].
96 : 2022-10-14 11:28:07,526 : INFO : telemetry.check : Returns Positive.
96 : 2022-10-14 11:28:07,527 : DEBUG : telemetry.note : acquiring lock
96 : 2022-10-14 11:28:07,527 : DEBUG : telemetry.note : acquired lock
96 : 2022-10-14 11:28:07,527 : INFO : telemetry.note : Update the note mtime to 2022-10-14 11:28:07.527433
96 : 2022-10-14 11:28:07,534 : INFO : telemetry.note : Read timestamp from the note. The last send was 2022-10-13 19:27:33.
96 : 2022-10-14 11:28:07,535 : INFO : telemetry.records : No cache to be uploaded.
96 : 2022-10-14 11:28:07,535 : INFO : telemetry.client : Accumulated 0 events. Flush the clients.
96 : 2022-10-14 11:28:07,536 : INFO : telemetry.note : Update the last send in note to 2022-10-13 19:27:33
96 : 2022-10-14 11:28:07,536 : INFO : telemetry.note : Update the note mtime to 2022-10-14 11:28:07.536136
95 : 2022-10-14 12:39:11,890 : INFO : telemetry.main : Attempt start. Configuration directory [/home/c20309873/.azure].
95 : 2022-10-14 12:39:11,901 : INFO : telemetry.check : Returns Positive.
95 : 2022-10-14 12:39:11,901 : DEBUG : telemetry.note : acquiring lock
95 : 2022-10-14 12:39:11,901 : DEBUG : telemetry.note : acquired lock
95 : 2022-10-14 12:39:11,901 : INFO : telemetry.note : Update the note mtime to 2022-10-14 12:39:11.901833
95 : 2022-10-14 12:39:11,907 : INFO : telemetry.note : Read timestamp from the note. The last send was 2022-10-13 19:27:33.
95 : 2022-10-14 12:39:11,908 : INFO : telemetry.records : No cache to be uploaded.
95 : 2022-10-14 12:39:11,908 : INFO : telemetry.client : Accumulated 0 events. Flush the clients.
95 : 2022-10-14 12:39:11,909 : INFO : telemetry.note : Update the last send in note to 2022-10-13 19:27:33
95 : 2022-10-14 12:39:11,909 : INFO : telemetry.note : Update the note mtime to 2022-10-14 12:39:11.909869
